mode: set
github.com/nicholasjackson/building-microservices-youtube/currency/data/rates.go:17.55,23.2 3 1
github.com/nicholasjackson/building-microservices-youtube/currency/data/rates.go:25.42,27.16 2 1
github.com/nicholasjackson/building-microservices-youtube/currency/data/rates.go:27.16,29.3 1 0
github.com/nicholasjackson/building-microservices-youtube/currency/data/rates.go:31.2,31.38 1 1
github.com/nicholasjackson/building-microservices-youtube/currency/data/rates.go:31.38,33.3 1 0
github.com/nicholasjackson/building-microservices-youtube/currency/data/rates.go:34.2,39.32 4 1
github.com/nicholasjackson/building-microservices-youtube/currency/data/rates.go:39.32,41.17 2 1
github.com/nicholasjackson/building-microservices-youtube/currency/data/rates.go:41.17,43.4 1 0
github.com/nicholasjackson/building-microservices-youtube/currency/data/rates.go:45.3,45.26 1 1
github.com/nicholasjackson/building-microservices-youtube/currency/data/rates.go:48.2,48.12 1 1
